[debug] [2022-08-28T21:41:46.402Z] ----------------------------------------------------------------------
[debug] [2022-08-28T21:41:46.405Z] Command:       C:\Program Files\nodejs\node.exe C:\Users\jfran\AppData\Roaming\npm\node_modules\firebase-tools\lib\bin\firebase.js emulators:start
[debug] [2022-08-28T21:41:46.406Z] CLI Version:   11.8.0
[debug] [2022-08-28T21:41:46.406Z] Platform:      win32
[debug] [2022-08-28T21:41:46.406Z] Node Version:  v16.16.0
[debug] [2022-08-28T21:41:46.407Z] Time:          Sun Aug 28 2022 16:41:46 GMT-0500 (Central Daylight Time)
[debug] [2022-08-28T21:41:46.407Z] ----------------------------------------------------------------------
[debug] 
[debug] [2022-08-28T21:41:46.411Z] >>> [apiv2][query] GET https://firebase-public.firebaseio.com/cli.json [none]
[debug] [2022-08-28T21:41:46.485Z] > command requires scopes: ["email","openid","https://www.googleapis.com/auth/cloudplatformprojects.readonly","https://www.googleapis.com/auth/firebase","https://www.googleapis.com/auth/cloud-platform"]
[debug] [2022-08-28T21:41:46.486Z] > authorizing via signed-in user (jfranco376@gmail.com)
[info] i  emulators: Starting emulators: functions {"metadata":{"emulator":{"name":"hub"},"message":"Starting emulators: functions"}}
[debug] [2022-08-28T21:41:46.507Z] [hub] writing locator at C:\Users\jfran\AppData\Local\Temp\hub-learn-firebase-573be.json
[warn] !  functions: The following emulators are not running, calls to these services from the Functions emulator will affect production: auth, firestore, database, hosting, pubsub, storage, eventarc {"metadata":{"emulator":{"name":"functions"},"message":"The following emulators are not running, calls to these services from the Functions emulator will affect production: \u001b[1mauth, firestore, database, hosting, pubsub, storage, eventarc\u001b[22m"}}
[info] +  functions: Using node@16 from host. {"metadata":{"emulator":{"name":"functions"},"message":"Using node@16 from host."}}
[debug] [2022-08-28T21:41:46.566Z] defaultcredentials: writing to file C:\Users\jfran\AppData\Roaming\firebase\jfranco376_gmail_com_application_default_credentials.json
[debug] [2022-08-28T21:41:46.578Z] Setting GAC to C:\Users\jfran\AppData\Roaming\firebase\jfranco376_gmail_com_application_default_credentials.json {"metadata":{"emulator":{"name":"functions"},"message":"Setting GAC to C:\\Users\\jfran\\AppData\\Roaming\\firebase\\jfranco376_gmail_com_application_default_credentials.json"}}
[debug] [2022-08-28T21:41:46.580Z] > refreshing access token with scopes: []
[debug] [2022-08-28T21:41:46.582Z] >>> [apiv2][query] POST https://www.googleapis.com/oauth2/v3/token [none]
[debug] [2022-08-28T21:41:46.582Z] >>> [apiv2][body] POST https://www.googleapis.com/oauth2/v3/token [omitted]
[debug] [2022-08-28T21:41:46.628Z] <<< [apiv2][status] GET https://firebase-public.firebaseio.com/cli.json 200
[debug] [2022-08-28T21:41:46.628Z] <<< [apiv2][body] GET https://firebase-public.firebaseio.com/cli.json {"cloudBuildErrorAfter":1594252800000,"cloudBuildWarnAfter":1590019200000,"defaultNode10After":1594252800000,"minVersion":"3.0.5","node8DeploysDisabledAfter":1613390400000,"node8RuntimeDisabledAfter":1615809600000,"node8WarnAfter":1600128000000}
[debug] [2022-08-28T21:41:46.765Z] <<< [apiv2][status] POST https://www.googleapis.com/oauth2/v3/token 200
[debug] [2022-08-28T21:41:46.765Z] <<< [apiv2][body] POST https://www.googleapis.com/oauth2/v3/token [omitted]
[debug] [2022-08-28T21:41:46.773Z] >>> [apiv2][query] GET https://firebase.googleapis.com/v1beta1/projects/learn-firebase-573be/adminSdkConfig [none]
[debug] [2022-08-28T21:41:47.013Z] <<< [apiv2][status] GET https://firebase.googleapis.com/v1beta1/projects/learn-firebase-573be/adminSdkConfig 200
[debug] [2022-08-28T21:41:47.013Z] <<< [apiv2][body] GET https://firebase.googleapis.com/v1beta1/projects/learn-firebase-573be/adminSdkConfig {"projectId":"learn-firebase-573be","storageBucket":"learn-firebase-573be.appspot.com","locationId":"us-central"}
[warn] !  ui: Emulator UI unable to start on port 4000, starting on 4002 instead. {"metadata":{"emulator":{"name":"ui"},"message":"Emulator UI unable to start on port 4000, starting on 4002 instead."}}
[debug] [2022-08-28T21:41:47.054Z] Ignoring unsupported arg: auto_download {"metadata":{"emulator":{"name":"ui"},"message":"Ignoring unsupported arg: auto_download"}}
[debug] [2022-08-28T21:41:47.054Z] Ignoring unsupported arg: port {"metadata":{"emulator":{"name":"ui"},"message":"Ignoring unsupported arg: port"}}
[debug] [2022-08-28T21:41:47.054Z] Starting Emulator UI with command {"binary":"node","args":["C:\\Users\\jfran\\.cache\\firebase\\emulators\\ui-v1.9.0\\server\\server.js"],"optionalArgs":[],"joinArgs":false} {"metadata":{"emulator":{"name":"ui"},"message":"Starting Emulator UI with command {\"binary\":\"node\",\"args\":[\"C:\\\\Users\\\\jfran\\\\.cache\\\\firebase\\\\emulators\\\\ui-v1.9.0\\\\server\\\\server.js\"],\"optionalArgs\":[],\"joinArgs\":false}"}}
[info] i  ui: Emulator UI logging to ui-debug.log {"metadata":{"emulator":{"name":"ui"},"message":"Emulator UI logging to \u001b[1mui-debug.log\u001b[22m"}}
[debug] [2022-08-28T21:41:47.213Z] Web / API server started at localhost:4002
 {"metadata":{"emulator":{"name":"ui"},"message":"Web / API server started at localhost:4002\n"}}
[info] i  functions: Watching "C:\devFolder\React\411_protected_routes_with_firebase\functions" for Cloud Functions... {"metadata":{"emulator":{"name":"functions"},"message":"Watching \"C:\\devFolder\\React\\411_protected_routes_with_firebase\\functions\" for Cloud Functions..."}}
[debug] [2022-08-28T21:41:47.340Z] Validating nodejs source
[debug] [2022-08-28T21:41:50.363Z] > [functions] package.json contents: {
  "name": "functions",
  "description": "Cloud Functions for Firebase",
  "scripts": {
    "lint": "eslint .",
    "serve": "firebase emulators:start --only functions",
    "shell": "firebase functions:shell",
    "start": "npm run shell",
    "deploy": "firebase deploy --only functions",
    "logs": "firebase functions:log"
  },
  "engines": {
    "node": "16"
  },
  "main": "index.js",
  "dependencies": {
    "firebase-admin": "^10.0.2",
    "firebase-functions": "^3.18.0"
  },
  "devDependencies": {
    "eslint": "^8.9.0",
    "eslint-config-google": "^0.14.0",
    "firebase-functions-test": "^0.2.0"
  },
  "private": true
}
[debug] [2022-08-28T21:41:50.364Z] Building nodejs source
[debug] [2022-08-28T21:41:50.364Z] Analyzing nodejs backend spec
[debug] [2022-08-28T21:41:50.365Z] Could not find functions.yaml. Must use http discovery
